<?xml version="1.0" encoding="UTF-8"?>
<!-- Generated by org.testng.reporters.JUnitXMLReporter -->
<testsuite ignored="0" hostname="DESKTOP-9DM6QIP" failures="0" tests="2" name="Default test" time="27.517" errors="0" timestamp="2024-11-02T16:53:45 IST">
  <testcase classname="com.avactis.testcases.RegistrationPositiveTest" name="createRegistrationPositiveTest" time="4.837"/>
  <testcase classname="com.avactis.testcases.RegistrationPositiveTest" name="registrationTest" time="14.422"/>
</testsuite> <!-- Default test -->
