<?xml version="1.0" encoding="UTF-8"?>
<!-- Generated by org.testng.reporters.JUnitXMLReporter -->
<testsuite ignored="0" hostname="DESKTOP-9DM6QIP" failures="0" tests="2" name="Default test" time="32.699" errors="0" timestamp="2024-11-02T16:26:02 IST">
  <testcase classname="com.avactis.testcases.RegistrationPositiveTest" name="createRegistrationPositiveTest" time="4.892"/>
  <testcase classname="com.avactis.testcases.RegistrationPositiveTest" name="registrationTest" time="19.42"/>
</testsuite> <!-- Default test -->
