<?xml version="1.0" encoding="UTF-8"?>
<!-- Generated by org.testng.reporters.JUnitXMLReporter -->
<testsuite ignored="0" hostname="DESKTOP-9DM6QIP" failures="0" tests="5" name="First Test" time="29.76" errors="0" timestamp="2024-11-03T19:54:37 IST">
  <testcase classname="Test.testng.HomePageTest" name="mycartTest" time="4.361"/>
  <testcase classname="Test.testng.HomePageTest" name="validateCheckout" time="4.318"/>
  <testcase classname="Test.testng.IndexTest" name="verifyLogo" time="0.065"/>
  <testcase classname="Test.testng.IndexTest" name="verifyTitle" time="0.01"/>
  <testcase classname="Test.testng.LoginPageTest" name="loginTest" time="7.055"/>
</testsuite> <!-- First Test -->
