<?xml version="1.0" encoding="UTF-8"?>
<!-- Generated by org.testng.reporters.JUnitXMLReporter -->
<testsuite ignored="0" hostname="DESKTOP-9DM6QIP" failures="0" tests="5" name="First Test Group" time="57.031" errors="0" timestamp="2024-11-17T18:23:42 IST">
  <testcase classname="Test.testng.HomePageTest" name="mycartTest" time="8.368"/>
  <testcase classname="Test.testng.HomePageTest" name="validateCheckout" time="8.05"/>
  <testcase classname="Test.testng.IndexTest" name="verifyLogo" time="0.08"/>
  <testcase classname="Test.testng.IndexTest" name="verifyTitle" time="0.017"/>
  <testcase classname="Test.testng.LoginPageTest" name="loginTest" time="10.847"/>
</testsuite> <!-- First Test Group -->
