<?xml version="1.0" encoding="UTF-8"?>
<!-- Generated by org.testng.reporters.JUnitXMLReporter -->
<testsuite ignored="0" hostname="DESKTOP-9DM6QIP" failures="1" tests="2" name="Second Test Group" time="29.796" errors="0" timestamp="2024-11-17T18:24:12 IST">
  <testcase classname="com.avactis.testcases.LoginNegativeTest" name="loginNegativeTest" time="6.789"/>
  <testcase classname="com.avactis.testcases.RegistrationNegative" name="registrationTest" time="11.062">
    <failure type="java.lang.AssertionError" message="Login failed or URL mismatch after login. expected [true] but found [false]">
      <![CDATA[java.lang.AssertionError: Login failed or URL mismatch after login. expected [true] but found [false]
at com.avactis.testcases.RegistrationNegative.registrationTest(RegistrationNegative.java:57)
at java.base/java.util.ArrayList.forEach(ArrayList.java:1596)
... Removed 28 stack frames]]>
    </failure>
  </testcase> <!-- registrationTest -->
</testsuite> <!-- Second Test Group -->
