<?xml version="1.0" encoding="UTF-8"?>
<testng-results ignored="0" total="1" passed="1" failed="0" skipped="0">
  <reporter-output>
  </reporter-output>
  <suite started-at="2024-10-24T22:32:19 IST" name="Default suite" finished-at="2024-10-24T22:32:28 IST" duration-ms="8620">
    <groups>
    </groups>
    <test started-at="2024-10-24T22:32:19 IST" name="Default test" finished-at="2024-10-24T22:32:28 IST" duration-ms="8620">
      <class name="com.avactis.testcases.LoginNegativeTest">
        <test-method is-config="true" signature="setup()[pri:0, instance:com.avactis.testcases.LoginNegativeTest@dc7df28]" started-at="2024-10-24T22:32:19 IST" name="setup" finished-at="2024-10-24T22:32:22 IST" duration-ms="3427" status="PASS">
          <reporter-output>
          </reporter-output>
        </test-method> <!-- setup -->
        <test-method signature="loginNegativeTest()[pri:0, instance:com.avactis.testcases.LoginNegativeTest@dc7df28]" started-at="2024-10-24T22:32:23 IST" name="loginNegativeTest" finished-at="2024-10-24T22:32:27 IST" duration-ms="4656" status="PASS">
          <reporter-output>
          </reporter-output>
        </test-method> <!-- loginNegativeTest -->
        <test-method is-config="true" signature="tearDown()[pri:0, instance:com.avactis.testcases.LoginNegativeTest@dc7df28]" started-at="2024-10-24T22:32:27 IST" name="tearDown" finished-at="2024-10-24T22:32:28 IST" duration-ms="316" status="PASS">
          <reporter-output>
          </reporter-output>
        </test-method> <!-- tearDown -->
      </class> <!-- com.avactis.testcases.LoginNegativeTest -->
    </test> <!-- Default test -->
  </suite> <!-- Default suite -->
</testng-results>
